android/app/build/intermediates/manifest_merge_blame_file/debug/processDebugMainManifest/manifest-merger-blame-debug-report.txt
1<?xml version="1.0" encoding="utf-8"?>
2<manifest xmlns:android="http://schemas.android.com/apk/res/android"
3    package="com.example.fakelingo"
4    android:versionCode="1"
5    android:versionName="1.0.0" >
6
7    <uses-sdk
8        android:minSdkVersion="21"
9        android:targetSdkVersion="35" />
10    <!--
11         The INTERNET permission is required for development. Specifically,
12         the Flutter tool needs it to communicate with the running application
13         to allow setting breakpoints, to provide hot reload, etc.
14    -->
15    <uses-permission android:name="android.permission.INTERNET" />
15-->src\debug\AndroidManifest.xml:6:5-66
15-->src\debug\AndroidManifest.xml:6:22-64
16    <uses-permission android:name="android.permission.POST_NOTIFICATIONS" />
16-->src\main\AndroidManifest.xml:3:5-76
16-->src\main\AndroidManifest.xml:3:22-74
17
18    <queries>
18-->src\main\AndroidManifest.xml:54:5-59:15
19        <intent>
19-->src\main\AndroidManifest.xml:55:9-58:18
20            <action android:name="android.intent.action.PROCESS_TEXT" />
20-->src\main\AndroidManifest.xml:56:13-72
20-->src\main\AndroidManifest.xml:56:21-70
21
22            <data android:mimeType="text/plain" />
22-->src\main\AndroidManifest.xml:57:13-50
22-->src\main\AndroidManifest.xml:57:19-48
23        </intent>
24        <intent>
24-->[:flutter_web_auth_2] AndroidManifest.xml:8:9-10:18
25            <action android:name="android.support.customtabs.action.CustomTabsService" />
25-->[:flutter_web_auth_2] AndroidManifest.xml:9:13-90
25-->[:flutter_web_auth_2] AndroidManifest.xml:9:21-87
26        </intent>
27        <intent>
27-->[net.openid:appauth:0.11.1] AndroidManifest.xml:25:9-31:18
28            <action android:name="android.intent.action.VIEW" />
28-->[net.openid:appauth:0.11.1] AndroidManifest.xml:26:13-65
28-->[net.openid:appauth:0.11.1] AndroidManifest.xml:26:21-62
29
30            <category android:name="android.intent.category.BROWSABLE" />
30-->[net.openid:appauth:0.11.1] AndroidManifest.xml:28:13-74
30-->[net.openid:appauth:0.11.1] AndroidManifest.xml:28:23-71
31
32            <data android:scheme="https" />
32-->src\main\AndroidManifest.xml:57:13-50
33        </intent>
34    </queries>
35
36    <uses-permission android:name="android.permission.WAKE_LOCK" />
36-->[:firebase_messaging] AndroidManifest.xml:8:5-68
36-->[:firebase_messaging] AndroidManifest.xml:8:22-65
37    <uses-permission android:name="android.permission.ACCESS_NETWORK_STATE" /> <!-- Required by older versions of Google Play services to create IID tokens -->
37-->[:firebase_messaging] AndroidManifest.xml:9:5-79
37-->[:firebase_messaging] AndroidManifest.xml:9:22-76
38    <uses-permission android:name="com.google.android.c2dm.permission.RECEIVE" />
38-->[com.google.firebase:firebase-messaging:23.4.1] AndroidManifest.xml:26:5-82
38-->[com.google.firebase:firebase-messaging:23.4.1] AndroidManifest.xml:26:22-79
39    <uses-permission android:name="android.permission.VIBRATE" />
39-->[:flutter_local_notifications] AndroidManifest.xml:7:5-66
39-->[:flutter_local_notifications] AndroidManifest.xml:7:22-63
40
41    <permission
41-->[androidx.core:core:1.13.1] AndroidManifest.xml:22:5-24:47
42        android:name="com.example.fakelingo.DYNAMIC_RECEIVER_NOT_EXPORTED_PERMISSION"
42-->[androidx.core:core:1.13.1] AndroidManifest.xml:23:9-81
43        android:protectionLevel="signature" />
43-->[androidx.core:core:1.13.1] AndroidManifest.xml:24:9-44
44
45    <uses-permission android:name="com.example.fakelingo.DYNAMIC_RECEIVER_NOT_EXPORTED_PERMISSION" />
45-->[androidx.core:core:1.13.1] AndroidManifest.xml:26:5-97
45-->[androidx.core:core:1.13.1] AndroidManifest.xml:26:22-94
46
47    <application
48        android:name="android.app.Application"
49        android:appComponentFactory="androidx.core.app.CoreComponentFactory"
49-->[androidx.core:core:1.13.1] AndroidManifest.xml:28:18-86
50        android:debuggable="true"
51        android:extractNativeLibs="true"
52        android:icon="@mipmap/ic_launcher"
53        android:label="fakelingo" >
54        <activity
55            android:name="com.example.fakelingo.MainActivity"
56            android:configChanges="orientation|keyboardHidden|keyboard|screenSize|smallestScreenSize|locale|layoutDirection|fontScale|screenLayout|density|uiMode"
57            android:exported="true"
58            android:hardwareAccelerated="true"
59            android:launchMode="singleTop"
60            android:taskAffinity=""
61            android:theme="@style/LaunchTheme"
62            android:windowSoftInputMode="adjustResize" >
63            <meta-data
64                android:name="io.flutter.embedding.android.NormalTheme"
65                android:resource="@style/NormalTheme" />
66
67            <intent-filter>
68                <action android:name="android.intent.action.MAIN" />
69
70                <category android:name="android.intent.category.LAUNCHER" />
71            </intent-filter>
72        </activity>
73        <activity
74            android:name="com.linusu.flutter_web_auth_2.CallbackActivity"
75            android:exported="true" >
76            <intent-filter>
77                <action android:name="android.intent.action.VIEW" />
77-->[net.openid:appauth:0.11.1] AndroidManifest.xml:26:13-65
77-->[net.openid:appauth:0.11.1] AndroidManifest.xml:26:21-62
78
79                <category android:name="android.intent.category.DEFAULT" />
79-->[net.openid:appauth:0.11.1] AndroidManifest.xml:47:17-76
79-->[net.openid:appauth:0.11.1] AndroidManifest.xml:47:27-73
80                <category android:name="android.intent.category.BROWSABLE" />
80-->[net.openid:appauth:0.11.1] AndroidManifest.xml:28:13-74
80-->[net.openid:appauth:0.11.1] AndroidManifest.xml:28:23-71
81
82                <data
82-->src\main\AndroidManifest.xml:57:13-50
83                    android:host="callback"
84                    android:scheme="fakelingo" />
85            </intent-filter>
86        </activity>
87
88        <service
89            android:name="com.google.firebase.messaging.FirebaseMessagingService"
90            android:directBootAware="true"
90-->[com.google.firebase:firebase-messaging:23.4.1] AndroidManifest.xml:48:13-43
91            android:exported="true" >
92            <intent-filter>
92-->[:firebase_messaging] AndroidManifest.xml:21:13-23:29
93                <action android:name="com.google.firebase.MESSAGING_EVENT" />
93-->[:firebase_messaging] AndroidManifest.xml:22:17-78
93-->[:firebase_messaging] AndroidManifest.xml:22:25-75
94            </intent-filter>
95            <intent-filter android:priority="-500" >
95-->[:firebase_messaging] AndroidManifest.xml:21:13-23:29
96                <action android:name="com.google.firebase.MESSAGING_EVENT" />
96-->[:firebase_messaging] AndroidManifest.xml:22:17-78
96-->[:firebase_messaging] AndroidManifest.xml:22:25-75
97            </intent-filter>
98        </service>
99
100        <meta-data
101            android:name="flutterEmbedding"
102            android:value="2" />
103
104        <service
104-->[:firebase_messaging] AndroidManifest.xml:14:9-17:72
105            android:name="io.flutter.plugins.firebase.messaging.FlutterFirebaseMessagingBackgroundService"
105-->[:firebase_messaging] AndroidManifest.xml:15:13-107
106            android:exported="false"
106-->[:firebase_messaging] AndroidManifest.xml:16:13-37
107            android:permission="android.permission.BIND_JOB_SERVICE" />
107-->[:firebase_messaging] AndroidManifest.xml:17:13-69
108        <service
108-->[:firebase_messaging] AndroidManifest.xml:18:9-24:19
109            android:name="io.flutter.plugins.firebase.messaging.FlutterFirebaseMessagingService"
109-->[:firebase_messaging] AndroidManifest.xml:19:13-97
110            android:exported="false" >
110-->[:firebase_messaging] AndroidManifest.xml:20:13-37
111            <intent-filter>
111-->[:firebase_messaging] AndroidManifest.xml:21:13-23:29
112                <action android:name="com.google.firebase.MESSAGING_EVENT" />
112-->[:firebase_messaging] AndroidManifest.xml:22:17-78
112-->[:firebase_messaging] AndroidManifest.xml:22:25-75
113            </intent-filter>
114        </service>
115
116        <receiver
116-->[:firebase_messaging] AndroidManifest.xml:26:9-33:20
117            android:name="io.flutter.plugins.firebase.messaging.FlutterFirebaseMessagingReceiver"
117-->[:firebase_messaging] AndroidManifest.xml:27:13-98
118            android:exported="true"
118-->[:firebase_messaging] AndroidManifest.xml:28:13-36
119            android:permission="com.google.android.c2dm.permission.SEND" >
119-->[:firebase_messaging] AndroidManifest.xml:29:13-73
120            <intent-filter>
120-->[:firebase_messaging] AndroidManifest.xml:30:13-32:29
121                <action android:name="com.google.android.c2dm.intent.RECEIVE" />
121-->[:firebase_messaging] AndroidManifest.xml:31:17-81
121-->[:firebase_messaging] AndroidManifest.xml:31:25-78
122            </intent-filter>
123        </receiver>
124
125        <service
125-->[:firebase_messaging] AndroidManifest.xml:35:9-39:19
126            android:name="com.google.firebase.components.ComponentDiscoveryService"
126-->[:firebase_messaging] AndroidManifest.xml:35:18-89
127            android:directBootAware="true"
127-->[com.google.firebase:firebase-common:20.4.3] AndroidManifest.xml:32:13-43
128            android:exported="false" >
128-->[com.google.firebase:firebase-messaging:23.4.1] AndroidManifest.xml:56:13-37
129            <meta-data
129-->[:firebase_messaging] AndroidManifest.xml:36:13-38:85
130                android:name="com.google.firebase.components:io.flutter.plugins.firebase.messaging.FlutterFirebaseAppRegistrar"
130-->[:firebase_messaging] AndroidManifest.xml:37:17-128
131                android:value="com.google.firebase.components.ComponentRegistrar" />
131-->[:firebase_messaging] AndroidManifest.xml:38:17-82
132            <meta-data
132-->[:firebase_core] AndroidManifest.xml:9:13-11:85
133                android:name="com.google.firebase.components:io.flutter.plugins.firebase.core.FlutterFirebaseCoreRegistrar"
133-->[:firebase_core] AndroidManifest.xml:10:17-124
134                android:value="com.google.firebase.components.ComponentRegistrar" />
134-->[:firebase_core] AndroidManifest.xml:11:17-82
135            <meta-data
135-->[com.google.firebase:firebase-messaging:23.4.1] AndroidManifest.xml:57:13-59:85
136                android:name="com.google.firebase.components:com.google.firebase.messaging.FirebaseMessagingKtxRegistrar"
136-->[com.google.firebase:firebase-messaging:23.4.1] AndroidManifest.xml:58:17-122
137                android:value="com.google.firebase.components.ComponentRegistrar" />
137-->[com.google.firebase:firebase-messaging:23.4.1] AndroidManifest.xml:59:17-82
138            <meta-data
138-->[com.google.firebase:firebase-messaging:23.4.1] AndroidManifest.xml:60:13-62:85
139                android:name="com.google.firebase.components:com.google.firebase.messaging.FirebaseMessagingRegistrar"
139-->[com.google.firebase:firebase-messaging:23.4.1] AndroidManifest.xml:61:17-119
140                android:value="com.google.firebase.components.ComponentRegistrar" />
140-->[com.google.firebase:firebase-messaging:23.4.1] AndroidManifest.xml:62:17-82
141            <meta-data
141-->[com.google.firebase:firebase-iid:21.1.0] AndroidManifest.xml:32:13-34:85
142                android:name="com.google.firebase.components:com.google.firebase.iid.Registrar"
142-->[com.google.firebase:firebase-iid:21.1.0] AndroidManifest.xml:33:17-96
143                android:value="com.google.firebase.components.ComponentRegistrar" />
143-->[com.google.firebase:firebase-iid:21.1.0] AndroidManifest.xml:34:17-82
144            <meta-data
144-->[com.google.firebase:firebase-installations:17.2.0] AndroidManifest.xml:15:13-17:85
145                android:name="com.google.firebase.components:com.google.firebase.installations.FirebaseInstallationsKtxRegistrar"
145-->[com.google.firebase:firebase-installations:17.2.0] AndroidManifest.xml:16:17-130
146                android:value="com.google.firebase.components.ComponentRegistrar" />
146-->[com.google.firebase:firebase-installations:17.2.0] AndroidManifest.xml:17:17-82
147            <meta-data
147-->[com.google.firebase:firebase-installations:17.2.0] AndroidManifest.xml:18:13-20:85
148                android:name="com.google.firebase.components:com.google.firebase.installations.FirebaseInstallationsRegistrar"
148-->[com.google.firebase:firebase-installations:17.2.0] AndroidManifest.xml:19:17-127
149                android:value="com.google.firebase.components.ComponentRegistrar" />
149-->[com.google.firebase:firebase-installations:17.2.0] AndroidManifest.xml:20:17-82
150            <meta-data
150-->[com.google.firebase:firebase-common-ktx:20.4.3] AndroidManifest.xml:12:13-14:85
151                android:name="com.google.firebase.components:com.google.firebase.ktx.FirebaseCommonLegacyRegistrar"
151-->[com.google.firebase:firebase-common-ktx:20.4.3] AndroidManifest.xml:13:17-116
152                android:value="com.google.firebase.components.ComponentRegistrar" />
152-->[com.google.firebase:firebase-common-ktx:20.4.3] AndroidManifest.xml:14:17-82
153            <meta-data
153-->[com.google.firebase:firebase-common:20.4.3] AndroidManifest.xml:35:13-37:85
154                android:name="com.google.firebase.components:com.google.firebase.FirebaseCommonKtxRegistrar"
154-->[com.google.firebase:firebase-common:20.4.3] AndroidManifest.xml:36:17-109
155                android:value="com.google.firebase.components.ComponentRegistrar" />
155-->[com.google.firebase:firebase-common:20.4.3] AndroidManifest.xml:37:17-82
156            <meta-data
156-->[com.google.firebase:firebase-datatransport:18.1.7] AndroidManifest.xml:27:13-29:85
157                android:name="com.google.firebase.components:com.google.firebase.datatransport.TransportRegistrar"
157-->[com.google.firebase:firebase-datatransport:18.1.7] AndroidManifest.xml:28:17-115
158                android:value="com.google.firebase.components.ComponentRegistrar" />
158-->[com.google.firebase:firebase-datatransport:18.1.7] AndroidManifest.xml:29:17-82
159        </service>
160
161        <provider
161-->[:firebase_messaging] AndroidManifest.xml:41:9-45:38
162            android:name="io.flutter.plugins.firebase.messaging.FlutterFirebaseMessagingInitProvider"
162-->[:firebase_messaging] AndroidManifest.xml:42:13-102
163            android:authorities="com.example.fakelingo.flutterfirebasemessaginginitprovider"
163-->[:firebase_messaging] AndroidManifest.xml:43:13-88
164            android:exported="false"
164-->[:firebase_messaging] AndroidManifest.xml:44:13-37
165            android:initOrder="99" />
165-->[:firebase_messaging] AndroidManifest.xml:45:13-35
166
167        <receiver
167-->[com.google.firebase:firebase-messaging:23.4.1] AndroidManifest.xml:29:9-40:20
168            android:name="com.google.firebase.iid.FirebaseInstanceIdReceiver"
168-->[com.google.firebase:firebase-messaging:23.4.1] AndroidManifest.xml:30:13-78
169            android:exported="true"
169-->[com.google.firebase:firebase-messaging:23.4.1] AndroidManifest.xml:31:13-36
170            android:permission="com.google.android.c2dm.permission.SEND" >
170-->[com.google.firebase:firebase-messaging:23.4.1] AndroidManifest.xml:32:13-73
171            <intent-filter>
171-->[:firebase_messaging] AndroidManifest.xml:30:13-32:29
172                <action android:name="com.google.android.c2dm.intent.RECEIVE" />
172-->[:firebase_messaging] AndroidManifest.xml:31:17-81
172-->[:firebase_messaging] AndroidManifest.xml:31:25-78
173            </intent-filter>
174
175            <meta-data
175-->[com.google.firebase:firebase-messaging:23.4.1] AndroidManifest.xml:37:13-39:40
176                android:name="com.google.android.gms.cloudmessaging.FINISHED_AFTER_HANDLED"
176-->[com.google.firebase:firebase-messaging:23.4.1] AndroidManifest.xml:38:17-92
177                android:value="true" />
177-->[com.google.firebase:firebase-messaging:23.4.1] AndroidManifest.xml:39:17-37
178        </receiver>
179
180        <provider
180-->[:image_picker_android] AndroidManifest.xml:9:9-17:20
181            android:name="io.flutter.plugins.imagepicker.ImagePickerFileProvider"
181-->[:image_picker_android] AndroidManifest.xml:10:13-82
182            android:authorities="com.example.fakelingo.flutter.image_provider"
182-->[:image_picker_android] AndroidManifest.xml:11:13-74
183            android:exported="false"
183-->[:image_picker_android] AndroidManifest.xml:12:13-37
184            android:grantUriPermissions="true" >
184-->[:image_picker_android] AndroidManifest.xml:13:13-47
185            <meta-data
185-->[:image_picker_android] AndroidManifest.xml:14:13-16:75
186                android:name="android.support.FILE_PROVIDER_PATHS"
186-->[:image_picker_android] AndroidManifest.xml:15:17-67
187                android:resource="@xml/flutter_image_picker_file_paths" />
187-->[:image_picker_android] AndroidManifest.xml:16:17-72
188        </provider> <!-- Trigger Google Play services to install the backported photo picker module. -->
189        <service
189-->[:image_picker_android] AndroidManifest.xml:19:9-31:19
190            android:name="com.google.android.gms.metadata.ModuleDependencies"
190-->[:image_picker_android] AndroidManifest.xml:20:13-78
191            android:enabled="false"
191-->[:image_picker_android] AndroidManifest.xml:21:13-36
192            android:exported="false" >
192-->[:image_picker_android] AndroidManifest.xml:22:13-37
193            <intent-filter>
193-->[:image_picker_android] AndroidManifest.xml:24:13-26:29
194                <action android:name="com.google.android.gms.metadata.MODULE_DEPENDENCIES" />
194-->[:image_picker_android] AndroidManifest.xml:25:17-94
194-->[:image_picker_android] AndroidManifest.xml:25:25-91
195            </intent-filter>
196
197            <meta-data
197-->[:image_picker_android] AndroidManifest.xml:28:13-30:36
198                android:name="photopicker_activity:0:required"
198-->[:image_picker_android] AndroidManifest.xml:29:17-63
199                android:value="" />
199-->[:image_picker_android] AndroidManifest.xml:30:17-33
200        </service>
201
202        <activity
202-->[:url_launcher_android] AndroidManifest.xml:8:9-11:74
203            android:name="io.flutter.plugins.urllauncher.WebViewActivity"
203-->[:url_launcher_android] AndroidManifest.xml:9:13-74
204            android:exported="false"
204-->[:url_launcher_android] AndroidManifest.xml:10:13-37
205            android:theme="@android:style/Theme.NoTitleBar.Fullscreen" />
205-->[:url_launcher_android] AndroidManifest.xml:11:13-71
206        <activity
206-->[:flutter_appauth] AndroidManifest.xml:9:9-12:45
207            android:name="net.openid.appauth.RedirectUriReceiverActivity"
207-->[:flutter_appauth] AndroidManifest.xml:10:13-74
208            android:exported="true"
208-->[net.openid:appauth:0.11.1] AndroidManifest.xml:43:13-36
209            android:theme="@style/Theme.AppCompat.Translucent.NoTitleBar" >
209-->[:flutter_appauth] AndroidManifest.xml:11:13-74
210            <intent-filter>
210-->[net.openid:appauth:0.11.1] AndroidManifest.xml:44:13-51:29
211                <action android:name="android.intent.action.VIEW" />
211-->[net.openid:appauth:0.11.1] AndroidManifest.xml:26:13-65
211-->[net.openid:appauth:0.11.1] AndroidManifest.xml:26:21-62
212
213                <category android:name="android.intent.category.DEFAULT" />
213-->[net.openid:appauth:0.11.1] AndroidManifest.xml:47:17-76
213-->[net.openid:appauth:0.11.1] AndroidManifest.xml:47:27-73
214                <category android:name="android.intent.category.BROWSABLE" />
214-->[net.openid:appauth:0.11.1] AndroidManifest.xml:28:13-74
214-->[net.openid:appauth:0.11.1] AndroidManifest.xml:28:23-71
215
216                <data android:scheme="com.example.fakelingo" />
216-->src\main\AndroidManifest.xml:57:13-50
217            </intent-filter>
218        </activity>
219        <activity
219-->[net.openid:appauth:0.11.1] AndroidManifest.xml:35:9-40:77
220            android:name="net.openid.appauth.AuthorizationManagementActivity"
220-->[net.openid:appauth:0.11.1] AndroidManifest.xml:36:13-78
221            android:configChanges="screenSize|smallestScreenSize|screenLayout|orientation|keyboard|keyboardHidden"
221-->[net.openid:appauth:0.11.1] AndroidManifest.xml:37:13-115
222            android:exported="false"
222-->[net.openid:appauth:0.11.1] AndroidManifest.xml:38:13-37
223            android:launchMode="singleTask"
223-->[net.openid:appauth:0.11.1] AndroidManifest.xml:39:13-44
224            android:theme="@style/Theme.AppCompat.Translucent.NoTitleBar" />
224-->[net.openid:appauth:0.11.1] AndroidManifest.xml:40:13-74
225        <activity
225-->[com.google.android.gms:play-services-auth:21.0.0] AndroidManifest.xml:23:9-27:75
226            android:name="com.google.android.gms.auth.api.signin.internal.SignInHubActivity"
226-->[com.google.android.gms:play-services-auth:21.0.0] AndroidManifest.xml:24:13-93
227            android:excludeFromRecents="true"
227-->[com.google.android.gms:play-services-auth:21.0.0] AndroidManifest.xml:25:13-46
228            android:exported="false"
228-->[com.google.android.gms:play-services-auth:21.0.0] AndroidManifest.xml:26:13-37
229            android:theme="@android:style/Theme.Translucent.NoTitleBar" />
229-->[com.google.android.gms:play-services-auth:21.0.0] AndroidManifest.xml:27:13-72
230        <!--
231            Service handling Google Sign-In user revocation. For apps that do not integrate with
232            Google Sign-In, this service will never be started.
233        -->
234        <service
234-->[com.google.android.gms:play-services-auth:21.0.0] AndroidManifest.xml:33:9-37:51
235            android:name="com.google.android.gms.auth.api.signin.RevocationBoundService"
235-->[com.google.android.gms:play-services-auth:21.0.0] AndroidManifest.xml:34:13-89
236            android:exported="true"
236-->[com.google.android.gms:play-services-auth:21.0.0] AndroidManifest.xml:35:13-36
237            android:permission="com.google.android.gms.auth.api.signin.permission.REVOCATION_NOTIFICATION"
237-->[com.google.android.gms:play-services-auth:21.0.0] AndroidManifest.xml:36:13-107
238            android:visibleToInstantApps="true" />
238-->[com.google.android.gms:play-services-auth:21.0.0] AndroidManifest.xml:37:13-48
239
240        <activity
240-->[com.google.android.gms:play-services-base:18.0.1] AndroidManifest.xml:20:9-22:45
241            android:name="com.google.android.gms.common.api.GoogleApiActivity"
241-->[com.google.android.gms:play-services-base:18.0.1] AndroidManifest.xml:20:19-85
242            android:exported="false"
242-->[com.google.android.gms:play-services-base:18.0.1] AndroidManifest.xml:22:19-43
243            android:theme="@android:style/Theme.Translucent.NoTitleBar" />
243-->[com.google.android.gms:play-services-base:18.0.1] AndroidManifest.xml:21:19-78
244
245        <provider
245-->[com.google.firebase:firebase-common:20.4.3] AndroidManifest.xml:23:9-28:39
246            android:name="com.google.firebase.provider.FirebaseInitProvider"
246-->[com.google.firebase:firebase-common:20.4.3] AndroidManifest.xml:24:13-77
247            android:authorities="com.example.fakelingo.firebaseinitprovider"
247-->[com.google.firebase:firebase-common:20.4.3] AndroidManifest.xml:25:13-72
248            android:directBootAware="true"
248-->[com.google.firebase:firebase-common:20.4.3] AndroidManifest.xml:26:13-43
249            android:exported="false"
249-->[com.google.firebase:firebase-common:20.4.3] AndroidManifest.xml:27:13-37
250            android:initOrder="100" />
250-->[com.google.firebase:firebase-common:20.4.3] AndroidManifest.xml:28:13-36
251        <provider
251-->[androidx.lifecycle:lifecycle-process:2.7.0] AndroidManifest.xml:24:9-32:20
252            android:name="androidx.startup.InitializationProvider"
252-->[androidx.lifecycle:lifecycle-process:2.7.0] AndroidManifest.xml:25:13-67
253            android:authorities="com.example.fakelingo.androidx-startup"
253-->[androidx.lifecycle:lifecycle-process:2.7.0] AndroidManifest.xml:26:13-68
254            android:exported="false" >
254-->[androidx.lifecycle:lifecycle-process:2.7.0] AndroidManifest.xml:27:13-37
255            <meta-data
255-->[androidx.lifecycle:lifecycle-process:2.7.0] AndroidManifest.xml:29:13-31:52
256                android:name="androidx.lifecycle.ProcessLifecycleInitializer"
256-->[androidx.lifecycle:lifecycle-process:2.7.0] AndroidManifest.xml:30:17-78
257                android:value="androidx.startup" />
257-->[androidx.lifecycle:lifecycle-process:2.7.0] AndroidManifest.xml:31:17-49
258            <meta-data
258-->[androidx.profileinstaller:profileinstaller:1.3.1] AndroidManifest.xml:29:13-31:52
259                android:name="androidx.profileinstaller.ProfileInstallerInitializer"
259-->[androidx.profileinstaller:profileinstaller:1.3.1] AndroidManifest.xml:30:17-85
260                android:value="androidx.startup" />
260-->[androidx.profileinstaller:profileinstaller:1.3.1] AndroidManifest.xml:31:17-49
261        </provider>
262
263        <uses-library
263-->[androidx.window:window:1.2.0] AndroidManifest.xml:23:9-25:40
264            android:name="androidx.window.extensions"
264-->[androidx.window:window:1.2.0] AndroidManifest.xml:24:13-54
265            android:required="false" />
265-->[androidx.window:window:1.2.0] AndroidManifest.xml:25:13-37
266        <uses-library
266-->[androidx.window:window:1.2.0] AndroidManifest.xml:26:9-28:40
267            android:name="androidx.window.sidecar"
267-->[androidx.window:window:1.2.0] AndroidManifest.xml:27:13-51
268            android:required="false" />
268-->[androidx.window:window:1.2.0] AndroidManifest.xml:28:13-37
269
270        <meta-data
270-->[com.google.android.gms:play-services-basement:18.3.0] AndroidManifest.xml:21:9-23:69
271            android:name="com.google.android.gms.version"
271-->[com.google.android.gms:play-services-basement:18.3.0] AndroidManifest.xml:22:13-58
272            android:value="@integer/google_play_services_version" />
272-->[com.google.android.gms:play-services-basement:18.3.0] AndroidManifest.xml:23:13-66
273
274        <receiver
274-->[androidx.profileinstaller:profileinstaller:1.3.1] AndroidManifest.xml:34:9-52:20
275            android:name="androidx.profileinstaller.ProfileInstallReceiver"
275-->[androidx.profileinstaller:profileinstaller:1.3.1] AndroidManifest.xml:35:13-76
276            android:directBootAware="false"
276-->[androidx.profileinstaller:profileinstaller:1.3.1] AndroidManifest.xml:36:13-44
277            android:enabled="true"
277-->[androidx.profileinstaller:profileinstaller:1.3.1] AndroidManifest.xml:37:13-35
278            android:exported="true"
278-->[androidx.profileinstaller:profileinstaller:1.3.1] AndroidManifest.xml:38:13-36
279            android:permission="android.permission.DUMP" >
279-->[androidx.profileinstaller:profileinstaller:1.3.1] AndroidManifest.xml:39:13-57
280            <intent-filter>
280-->[androidx.profileinstaller:profileinstaller:1.3.1] AndroidManifest.xml:40:13-42:29
281                <action android:name="androidx.profileinstaller.action.INSTALL_PROFILE" />
281-->[androidx.profileinstaller:profileinstaller:1.3.1] AndroidManifest.xml:41:17-91
281-->[androidx.profileinstaller:profileinstaller:1.3.1] AndroidManifest.xml:41:25-88
282            </intent-filter>
283            <intent-filter>
283-->[androidx.profileinstaller:profileinstaller:1.3.1] AndroidManifest.xml:43:13-45:29
284                <action android:name="androidx.profileinstaller.action.SKIP_FILE" />
284-->[androidx.profileinstaller:profileinstaller:1.3.1] AndroidManifest.xml:44:17-85
284-->[androidx.profileinstaller:profileinstaller:1.3.1] AndroidManifest.xml:44:25-82
285            </intent-filter>
286            <intent-filter>
286-->[androidx.profileinstaller:profileinstaller:1.3.1] AndroidManifest.xml:46:13-48:29
287                <action android:name="androidx.profileinstaller.action.SAVE_PROFILE" />
287-->[androidx.profileinstaller:profileinstaller:1.3.1] AndroidManifest.xml:47:17-88
287-->[androidx.profileinstaller:profileinstaller:1.3.1] AndroidManifest.xml:47:25-85
288            </intent-filter>
289            <intent-filter>
289-->[androidx.profileinstaller:profileinstaller:1.3.1] AndroidManifest.xml:49:13-51:29
290                <action android:name="androidx.profileinstaller.action.BENCHMARK_OPERATION" />
290-->[androidx.profileinstaller:profileinstaller:1.3.1] AndroidManifest.xml:50:17-95
290-->[androidx.profileinstaller:profileinstaller:1.3.1] AndroidManifest.xml:50:25-92
291            </intent-filter>
292        </receiver>
293
294        <service
294-->[com.google.android.datatransport:transport-backend-cct:3.1.8] AndroidManifest.xml:28:9-34:19
295            android:name="com.google.android.datatransport.runtime.backends.TransportBackendDiscovery"
295-->[com.google.android.datatransport:transport-backend-cct:3.1.8] AndroidManifest.xml:29:13-103
296            android:exported="false" >
296-->[com.google.android.datatransport:transport-backend-cct:3.1.8] AndroidManifest.xml:30:13-37
297            <meta-data
297-->[com.google.android.datatransport:transport-backend-cct:3.1.8] AndroidManifest.xml:31:13-33:39
298                android:name="backend:com.google.android.datatransport.cct.CctBackendFactory"
298-->[com.google.android.datatransport:transport-backend-cct:3.1.8] AndroidManifest.xml:32:17-94
299                android:value="cct" />
299-->[com.google.android.datatransport:transport-backend-cct:3.1.8] AndroidManifest.xml:33:17-36
300        </service>
301        <service
301-->[com.google.android.datatransport:transport-runtime:3.1.8] AndroidManifest.xml:26:9-30:19